This file contains any messages produced by compilers while
running configure, to aid debugging if configure makes a mistake.

It was created by newlib configure 1.18.0, which was
generated by GNU Autoconf 2.63.  Invocation command line was

  $ /Users/kenli/Dropbox/CMU/18-349/18-349-f15/code/newlib/newlib/configure --cache-file=./config.cache --with-newlib --enable-multilib --with-cross-host=x86_64-apple-darwin13.4.0 --disable-newlib-supplied-syscalls --program-transform-name=s&^&arm-none-eabi-& --disable-option-checking --with-target-subdir=arm-none-eabi --build=x86_64-apple-darwin13.4.0 --host=arm-none-eabi --target=arm-none-eabi --srcdir=../.././newlib

## --------- ##
## Platform. ##
## --------- ##

hostname = Kenneths-MacBook-Pro.local
uname -m = x86_64
uname -r = 13.4.0
uname -s = Darwin
uname -v = Darwin Kernel Version 13.4.0: Wed Mar 18 16:20:14 PDT 2015; root:xnu-2422.115.14~1/RELEASE_X86_64

/usr/bin/uname -p = i386
/bin/uname -X     = unknown

/bin/arch              = unknown
/usr/bin/arch -k       = unknown
/usr/convex/getsysinfo = unknown
/usr/bin/hostinfo      = Mach kernel version:
	 Darwin Kernel Version 13.4.0: Wed Mar 18 16:20:14 PDT 2015; root:xnu-2422.115.14~1/RELEASE_X86_64
Kernel configured for up to 8 processors.
4 processors are physically available.
8 processors are logically available.
Processor type: i486 (Intel 80486)
Processors active: 0 1 2 3 4 5 6 7
Primary memory available: 16.00 gigabytes
Default processor set: 175 tasks, 980 threads, 8 processors
Load average: 2.78, Mach factor: 5.20
/bin/machine           = unknown
/usr/bin/oslevel       = unknown
/bin/universe          = unknown

PATH: /usr/bin
PATH: /bin
PATH: /usr/sbin
PATH: /sbin
PATH: /usr/local/bin
PATH: /usr/texbin
PATH: /Users/kenli/Documents/ARM/gcc-arm-none-eabi/bin


## ----------- ##
## Core tests. ##
## ----------- ##

configure:2026: creating cache ./config.cache
configure:2312: checking build system type
configure:2330: result: x86_64-apple-darwin13.4.0
configure:2368: checking for a BSD-compatible install
configure:2436: result: /usr/bin/install -c
configure:2447: checking whether build environment is sane
configure:2507: result: yes
configure:2556: checking for arm-none-eabi-strip
configure:2583: result: arm-none-eabi-strip
configure:2648: checking for a thread-safe mkdir -p
configure:2687: result: ../.././newlib/../install-sh -c -d
configure:2700: checking for gawk
configure:2727: result: awk
configure:2738: checking whether /Library/Developer/CommandLineTools/usr/bin/make sets $(MAKE)
configure:2760: result: yes
configure:2790: checking for style of include used by /Library/Developer/CommandLineTools/usr/bin/make
configure:2818: result: GNU
configure:2973: checking host system type
configure:2988: result: arm-none-eabi
configure:3081: checking for gcc
configure:3108: result: arm-none-eabi-gcc -B/Users/kenli/Dropbox/CMU/18-349/18-349-f15/code/newlib/arm-none-eabi/newlib/ -isystem /Users/kenli/Dropbox/CMU/18-349/18-349-f15/code/newlib/arm-none-eabi/newlib/targ-include -isystem /Users/kenli/Dropbox/CMU/18-349/18-349-f15/code/newlib/newlib/libc/include -B/Users/kenli/Dropbox/CMU/18-349/18-349-f15/code/newlib/arm-none-eabi/libgloss/arm -L/Users/kenli/Dropbox/CMU/18-349/18-349-f15/code/newlib/arm-none-eabi/libgloss/libnosys -L/Users/kenli/Dropbox/CMU/18-349/18-349-f15/code/newlib/libgloss/arm   
configure:3119: checking dependency style of arm-none-eabi-gcc -B/Users/kenli/Dropbox/CMU/18-349/18-349-f15/code/newlib/arm-none-eabi/newlib/ -isystem /Users/kenli/Dropbox/CMU/18-349/18-349-f15/code/newlib/arm-none-eabi/newlib/targ-include -isystem /Users/kenli/Dropbox/CMU/18-349/18-349-f15/code/newlib/newlib/libc/include -B/Users/kenli/Dropbox/CMU/18-349/18-349-f15/code/newlib/arm-none-eabi/libgloss/arm -L/Users/kenli/Dropbox/CMU/18-349/18-349-f15/code/newlib/arm-none-eabi/libgloss/libnosys -L/Users/kenli/Dropbox/CMU/18-349/18-349-f15/code/newlib/libgloss/arm   
configure:3229: result: gcc3
configure:3304: checking whether we are using GNU C
configure:3315: arm-none-eabi-gcc -B/Users/kenli/Dropbox/CMU/18-349/18-349-f15/code/newlib/arm-none-eabi/newlib/ -isystem /Users/kenli/Dropbox/CMU/18-349/18-349-f15/code/newlib/arm-none-eabi/newlib/targ-include -isystem /Users/kenli/Dropbox/CMU/18-349/18-349-f15/code/newlib/newlib/libc/include -B/Users/kenli/Dropbox/CMU/18-349/18-349-f15/code/newlib/arm-none-eabi/libgloss/arm -L/Users/kenli/Dropbox/CMU/18-349/18-349-f15/code/newlib/arm-none-eabi/libgloss/libnosys -L/Users/kenli/Dropbox/CMU/18-349/18-349-f15/code/newlib/libgloss/arm    -E conftest.c
configure:3318: $? = 0
configure:3325: result: yes
configure:3334: checking whether arm-none-eabi-gcc -B/Users/kenli/Dropbox/CMU/18-349/18-349-f15/code/newlib/arm-none-eabi/newlib/ -isystem /Users/kenli/Dropbox/CMU/18-349/18-349-f15/code/newlib/arm-none-eabi/newlib/targ-include -isystem /Users/kenli/Dropbox/CMU/18-349/18-349-f15/code/newlib/newlib/libc/include -B/Users/kenli/Dropbox/CMU/18-349/18-349-f15/code/newlib/arm-none-eabi/libgloss/arm -L/Users/kenli/Dropbox/CMU/18-349/18-349-f15/code/newlib/arm-none-eabi/libgloss/libnosys -L/Users/kenli/Dropbox/CMU/18-349/18-349-f15/code/newlib/libgloss/arm    accepts -g
configure:3364: arm-none-eabi-gcc -B/Users/kenli/Dropbox/CMU/18-349/18-349-f15/code/newlib/arm-none-eabi/newlib/ -isystem /Users/kenli/Dropbox/CMU/18-349/18-349-f15/code/newlib/arm-none-eabi/newlib/targ-include -isystem /Users/kenli/Dropbox/CMU/18-349/18-349-f15/code/newlib/newlib/libc/include -B/Users/kenli/Dropbox/CMU/18-349/18-349-f15/code/newlib/arm-none-eabi/libgloss/arm -L/Users/kenli/Dropbox/CMU/18-349/18-349-f15/code/newlib/arm-none-eabi/libgloss/libnosys -L/Users/kenli/Dropbox/CMU/18-349/18-349-f15/code/newlib/libgloss/arm    -c -g  conftest.c >&5
configure:3371: $? = 0
configure: failed program was:
| /* confdefs.h.  */
| #define PACKAGE_NAME "newlib"
| #define PACKAGE_TARNAME "newlib"
| #define PACKAGE_VERSION "1.18.0"
| #define PACKAGE_STRING "newlib 1.18.0"
| #define PACKAGE_BUGREPORT ""
| /* end confdefs.h.  */
| 
| int
| main ()
| {
| 
|   ;
|   return 0;
| }
configure:3403: arm-none-eabi-gcc -B/Users/kenli/Dropbox/CMU/18-349/18-349-f15/code/newlib/arm-none-eabi/newlib/ -isystem /Users/kenli/Dropbox/CMU/18-349/18-349-f15/code/newlib/arm-none-eabi/newlib/targ-include -isystem /Users/kenli/Dropbox/CMU/18-349/18-349-f15/code/newlib/newlib/libc/include -B/Users/kenli/Dropbox/CMU/18-349/18-349-f15/code/newlib/arm-none-eabi/libgloss/arm -L/Users/kenli/Dropbox/CMU/18-349/18-349-f15/code/newlib/arm-none-eabi/libgloss/libnosys -L/Users/kenli/Dropbox/CMU/18-349/18-349-f15/code/newlib/libgloss/arm    -c   conftest.c >&5
configure:3410: $? = 0
configure: failed program was:
| /* confdefs.h.  */
| #define PACKAGE_NAME "newlib"
| #define PACKAGE_TARNAME "newlib"
| #define PACKAGE_VERSION "1.18.0"
| #define PACKAGE_STRING "newlib 1.18.0"
| #define PACKAGE_BUGREPORT ""
| /* end confdefs.h.  */
| 
| int
| main ()
| {
| 
|   ;
|   return 0;
| }
configure:3443: arm-none-eabi-gcc -B/Users/kenli/Dropbox/CMU/18-349/18-349-f15/code/newlib/arm-none-eabi/newlib/ -isystem /Users/kenli/Dropbox/CMU/18-349/18-349-f15/code/newlib/arm-none-eabi/newlib/targ-include -isystem /Users/kenli/Dropbox/CMU/18-349/18-349-f15/code/newlib/newlib/libc/include -B/Users/kenli/Dropbox/CMU/18-349/18-349-f15/code/newlib/arm-none-eabi/libgloss/arm -L/Users/kenli/Dropbox/CMU/18-349/18-349-f15/code/newlib/arm-none-eabi/libgloss/libnosys -L/Users/kenli/Dropbox/CMU/18-349/18-349-f15/code/newlib/libgloss/arm    -c -g  conftest.c >&5
configure:3450: $? = 0
configure: failed program was:
| /* confdefs.h.  */
| #define PACKAGE_NAME "newlib"
| #define PACKAGE_TARNAME "newlib"
| #define PACKAGE_VERSION "1.18.0"
| #define PACKAGE_STRING "newlib 1.18.0"
| #define PACKAGE_BUGREPORT ""
| /* end confdefs.h.  */
| 
| int
| main ()
| {
| 
|   ;
|   return 0;
| }
configure:3472: result: no
configure:3505: checking for arm-none-eabi-as
configure:3532: result: arm-none-eabi-as
configure:3597: checking for arm-none-eabi-ar
configure:3624: result: arm-none-eabi-ar
configure:3689: checking for arm-none-eabi-ranlib
configure:3716: result: arm-none-eabi-ranlib
configure:3781: checking for arm-none-eabi-readelf
configure:3797: found /Users/kenli/Documents/ARM/gcc-arm-none-eabi/bin/arm-none-eabi-readelf
configure:3808: result: arm-none-eabi-readelf
configure:3885: checking for a BSD-compatible install
configure:3953: result: /usr/bin/install -c
configure:3969: checking whether to enable maintainer-specific portions of Makefiles
configure:3978: result: no
configure:4085: checking for a sed that does not truncate output
configure:4151: result: /usr/bin/sed
configure:4173: checking for gawk
configure:4200: result: awk
configure:13132: checking for .preinit_array/.init_array/.fini_array support
configure:13145: arm-none-eabi-gcc -B/Users/kenli/Dropbox/CMU/18-349/18-349-f15/code/newlib/arm-none-eabi/newlib/ -isystem /Users/kenli/Dropbox/CMU/18-349/18-349-f15/code/newlib/arm-none-eabi/newlib/targ-include -isystem /Users/kenli/Dropbox/CMU/18-349/18-349-f15/code/newlib/newlib/libc/include -B/Users/kenli/Dropbox/CMU/18-349/18-349-f15/code/newlib/arm-none-eabi/libgloss/arm -L/Users/kenli/Dropbox/CMU/18-349/18-349-f15/code/newlib/arm-none-eabi/libgloss/libnosys -L/Users/kenli/Dropbox/CMU/18-349/18-349-f15/code/newlib/libgloss/arm    -g -O2  -c -o conftest conftest.c
							1>&5
configure:13148: $? = 0
configure:13161: result: yes
configure:13171: checking whether long double type exists
configure:13191: arm-none-eabi-gcc -B/Users/kenli/Dropbox/CMU/18-349/18-349-f15/code/newlib/arm-none-eabi/newlib/ -isystem /Users/kenli/Dropbox/CMU/18-349/18-349-f15/code/newlib/arm-none-eabi/newlib/targ-include -isystem /Users/kenli/Dropbox/CMU/18-349/18-349-f15/code/newlib/newlib/libc/include -B/Users/kenli/Dropbox/CMU/18-349/18-349-f15/code/newlib/arm-none-eabi/libgloss/arm -L/Users/kenli/Dropbox/CMU/18-349/18-349-f15/code/newlib/arm-none-eabi/libgloss/libnosys -L/Users/kenli/Dropbox/CMU/18-349/18-349-f15/code/newlib/libgloss/arm    -g -O2  -c -o conftest.o conftest.c
							1>&5
configure:13194: $? = 0
configure:13203: result: yes
configure:13220: checking whether long double equals double
configure:13236: arm-none-eabi-gcc -B/Users/kenli/Dropbox/CMU/18-349/18-349-f15/code/newlib/arm-none-eabi/newlib/ -isystem /Users/kenli/Dropbox/CMU/18-349/18-349-f15/code/newlib/arm-none-eabi/newlib/targ-include -isystem /Users/kenli/Dropbox/CMU/18-349/18-349-f15/code/newlib/newlib/libc/include -B/Users/kenli/Dropbox/CMU/18-349/18-349-f15/code/newlib/arm-none-eabi/libgloss/arm -L/Users/kenli/Dropbox/CMU/18-349/18-349-f15/code/newlib/arm-none-eabi/libgloss/libnosys -L/Users/kenli/Dropbox/CMU/18-349/18-349-f15/code/newlib/libgloss/arm    -g -O2  -c -o conftest.o conftest.c
							1>&5
configure:13239: $? = 0
configure:13248: result: yes
configure:13326: updating cache ./config.cache
configure:13469: creating ./config.status

## ---------------------- ##
## Running config.status. ##
## ---------------------- ##

This file was extended by newlib config.status 1.18.0, which was
generated by GNU Autoconf 2.63.  Invocation command line was

  CONFIG_FILES    = 
  CONFIG_HEADERS  = 
  CONFIG_LINKS    = 
  CONFIG_COMMANDS = 
  $ ./config.status 

on Kenneths-MacBook-Pro.local

config.status:1046: creating Makefile
config.status:1046: creating newlib.h
config.status:1313: executing depfiles commands
configure:15782: === configuring in libc (/Users/kenli/Dropbox/CMU/18-349/18-349-f15/code/newlib/arm-none-eabi/newlib/libc)
configure:15885: running /bin/sh ../../.././newlib/libc/configure --disable-option-checking '--prefix=/usr/local'  '--with-newlib' '--enable-multilib' '--with-cross-host=x86_64-apple-darwin13.4.0' '--disable-newlib-supplied-syscalls' '--program-transform-name=s&^&arm-none-eabi-&' '--with-target-subdir=arm-none-eabi' '--build=x86_64-apple-darwin13.4.0' '--host=arm-none-eabi' '--target=arm-none-eabi' 'build_alias=x86_64-apple-darwin13.4.0' 'host_alias=arm-none-eabi' 'target_alias=arm-none-eabi' 'CC=arm-none-eabi-gcc -B/Users/kenli/Dropbox/CMU/18-349/18-349-f15/code/newlib/arm-none-eabi/newlib/ -isystem /Users/kenli/Dropbox/CMU/18-349/18-349-f15/code/newlib/arm-none-eabi/newlib/targ-include -isystem /Users/kenli/Dropbox/CMU/18-349/18-349-f15/code/newlib/newlib/libc/include -B/Users/kenli/Dropbox/CMU/18-349/18-349-f15/code/newlib/arm-none-eabi/libgloss/arm -L/Users/kenli/Dropbox/CMU/18-349/18-349-f15/code/newlib/arm-none-eabi/libgloss/libnosys -L/Users/kenli/Dropbox/CMU/18-349/18-349-f15/code/newlib/libgloss/arm   ' 'CFLAGS=-g -O2' 'LDFLAGS=' 'CPPFLAGS=' --cache-file=.././config.cache --srcdir=../../.././newlib/libc
configure:15782: === configuring in libm (/Users/kenli/Dropbox/CMU/18-349/18-349-f15/code/newlib/arm-none-eabi/newlib/libm)
configure:15885: running /bin/sh ../../.././newlib/libm/configure --disable-option-checking '--prefix=/usr/local'  '--with-newlib' '--enable-multilib' '--with-cross-host=x86_64-apple-darwin13.4.0' '--disable-newlib-supplied-syscalls' '--program-transform-name=s&^&arm-none-eabi-&' '--with-target-subdir=arm-none-eabi' '--build=x86_64-apple-darwin13.4.0' '--host=arm-none-eabi' '--target=arm-none-eabi' 'build_alias=x86_64-apple-darwin13.4.0' 'host_alias=arm-none-eabi' 'target_alias=arm-none-eabi' 'CC=arm-none-eabi-gcc -B/Users/kenli/Dropbox/CMU/18-349/18-349-f15/code/newlib/arm-none-eabi/newlib/ -isystem /Users/kenli/Dropbox/CMU/18-349/18-349-f15/code/newlib/arm-none-eabi/newlib/targ-include -isystem /Users/kenli/Dropbox/CMU/18-349/18-349-f15/code/newlib/newlib/libc/include -B/Users/kenli/Dropbox/CMU/18-349/18-349-f15/code/newlib/arm-none-eabi/libgloss/arm -L/Users/kenli/Dropbox/CMU/18-349/18-349-f15/code/newlib/arm-none-eabi/libgloss/libnosys -L/Users/kenli/Dropbox/CMU/18-349/18-349-f15/code/newlib/libgloss/arm   ' 'CFLAGS=-g -O2' 'LDFLAGS=' 'CPPFLAGS=' --cache-file=.././config.cache --srcdir=../../.././newlib/libm
configure:15782: === configuring in doc (/Users/kenli/Dropbox/CMU/18-349/18-349-f15/code/newlib/arm-none-eabi/newlib/doc)
configure:15885: running /bin/sh ../../.././newlib/doc/configure --disable-option-checking '--prefix=/usr/local'  '--with-newlib' '--enable-multilib' '--with-cross-host=x86_64-apple-darwin13.4.0' '--disable-newlib-supplied-syscalls' '--program-transform-name=s&^&arm-none-eabi-&' '--with-target-subdir=arm-none-eabi' '--build=x86_64-apple-darwin13.4.0' '--host=arm-none-eabi' '--target=arm-none-eabi' 'build_alias=x86_64-apple-darwin13.4.0' 'host_alias=arm-none-eabi' 'target_alias=arm-none-eabi' 'CC=arm-none-eabi-gcc -B/Users/kenli/Dropbox/CMU/18-349/18-349-f15/code/newlib/arm-none-eabi/newlib/ -isystem /Users/kenli/Dropbox/CMU/18-349/18-349-f15/code/newlib/arm-none-eabi/newlib/targ-include -isystem /Users/kenli/Dropbox/CMU/18-349/18-349-f15/code/newlib/newlib/libc/include -B/Users/kenli/Dropbox/CMU/18-349/18-349-f15/code/newlib/arm-none-eabi/libgloss/arm -L/Users/kenli/Dropbox/CMU/18-349/18-349-f15/code/newlib/arm-none-eabi/libgloss/libnosys -L/Users/kenli/Dropbox/CMU/18-349/18-349-f15/code/newlib/libgloss/arm   ' 'CFLAGS=-g -O2' 'LDFLAGS=' 'CPPFLAGS=' --cache-file=.././config.cache --srcdir=../../.././newlib/doc

## ---------------- ##
## Cache variables. ##
## ---------------- ##

ac_cv_build=x86_64-apple-darwin13.4.0
ac_cv_c_compiler_gnu=yes
ac_cv_env_CCASFLAGS_set=
ac_cv_env_CCASFLAGS_value=
ac_cv_env_CCAS_set=
ac_cv_env_CCAS_value=
ac_cv_env_CC_set=set
ac_cv_env_CC_value='arm-none-eabi-gcc -B/Users/kenli/Dropbox/CMU/18-349/18-349-f15/code/newlib/arm-none-eabi/newlib/ -isystem /Users/kenli/Dropbox/CMU/18-349/18-349-f15/code/newlib/arm-none-eabi/newlib/targ-include -isystem /Users/kenli/Dropbox/CMU/18-349/18-349-f15/code/newlib/newlib/libc/include -B/Users/kenli/Dropbox/CMU/18-349/18-349-f15/code/newlib/arm-none-eabi/libgloss/arm -L/Users/kenli/Dropbox/CMU/18-349/18-349-f15/code/newlib/arm-none-eabi/libgloss/libnosys -L/Users/kenli/Dropbox/CMU/18-349/18-349-f15/code/newlib/libgloss/arm   '
ac_cv_env_CFLAGS_set=set
ac_cv_env_CFLAGS_value='-g -O2'
ac_cv_env_CPPFLAGS_set=set
ac_cv_env_CPPFLAGS_value=
ac_cv_env_CPP_set=
ac_cv_env_CPP_value=
ac_cv_env_LDFLAGS_set=set
ac_cv_env_LDFLAGS_value=
ac_cv_env_LIBS_set=
ac_cv_env_LIBS_value=
ac_cv_env_build_alias_set=set
ac_cv_env_build_alias_value=x86_64-apple-darwin13.4.0
ac_cv_env_host_alias_set=set
ac_cv_env_host_alias_value=arm-none-eabi
ac_cv_env_target_alias_set=set
ac_cv_env_target_alias_value=arm-none-eabi
ac_cv_host=arm-none-eabi
ac_cv_path_SED=/usr/bin/sed
ac_cv_prog_AR=arm-none-eabi-ar
ac_cv_prog_AS=arm-none-eabi-as
ac_cv_prog_AWK=awk
ac_cv_prog_CC='arm-none-eabi-gcc -B/Users/kenli/Dropbox/CMU/18-349/18-349-f15/code/newlib/arm-none-eabi/newlib/ -isystem /Users/kenli/Dropbox/CMU/18-349/18-349-f15/code/newlib/arm-none-eabi/newlib/targ-include -isystem /Users/kenli/Dropbox/CMU/18-349/18-349-f15/code/newlib/newlib/libc/include -B/Users/kenli/Dropbox/CMU/18-349/18-349-f15/code/newlib/arm-none-eabi/libgloss/arm -L/Users/kenli/Dropbox/CMU/18-349/18-349-f15/code/newlib/arm-none-eabi/libgloss/libnosys -L/Users/kenli/Dropbox/CMU/18-349/18-349-f15/code/newlib/libgloss/arm   '
ac_cv_prog_RANLIB=arm-none-eabi-ranlib
ac_cv_prog_READELF=arm-none-eabi-readelf
ac_cv_prog_STRIP=arm-none-eabi-strip
ac_cv_prog_cc_g=no
ac_cv_prog_make__Library_Developer_CommandLineTools_usr_bin_make_set=yes
acnewlib_cv_type_long_double=yes
am_cv_CC_dependencies_compiler_type=gcc3
libc_cv_initfinit_array=yes
newlib_cv_ldbl_eq_dbl=yes

## ----------------- ##
## Output variables. ##
## ----------------- ##

ACLOCAL='${SHELL} /Users/kenli/Dropbox/CMU/18-349/18-349-f15/code/newlib/missing --run aclocal-1.11'
AMDEPBACKSLASH='\'
AMDEP_FALSE='#'
AMDEP_TRUE=''
AMTAR='${SHELL} /Users/kenli/Dropbox/CMU/18-349/18-349-f15/code/newlib/missing --run tar'
AR='arm-none-eabi-ar'
AS='arm-none-eabi-as'
AUTOCONF='${SHELL} /Users/kenli/Dropbox/CMU/18-349/18-349-f15/code/newlib/missing --run autoconf'
AUTOHEADER='${SHELL} /Users/kenli/Dropbox/CMU/18-349/18-349-f15/code/newlib/missing --run autoheader'
AUTOMAKE='${SHELL} /Users/kenli/Dropbox/CMU/18-349/18-349-f15/code/newlib/missing --run automake-1.11'
AWK='awk'
CC='arm-none-eabi-gcc -B/Users/kenli/Dropbox/CMU/18-349/18-349-f15/code/newlib/arm-none-eabi/newlib/ -isystem /Users/kenli/Dropbox/CMU/18-349/18-349-f15/code/newlib/arm-none-eabi/newlib/targ-include -isystem /Users/kenli/Dropbox/CMU/18-349/18-349-f15/code/newlib/newlib/libc/include -B/Users/kenli/Dropbox/CMU/18-349/18-349-f15/code/newlib/arm-none-eabi/libgloss/arm -L/Users/kenli/Dropbox/CMU/18-349/18-349-f15/code/newlib/arm-none-eabi/libgloss/libnosys -L/Users/kenli/Dropbox/CMU/18-349/18-349-f15/code/newlib/libgloss/arm   '
CCAS='arm-none-eabi-gcc -B/Users/kenli/Dropbox/CMU/18-349/18-349-f15/code/newlib/arm-none-eabi/newlib/ -isystem /Users/kenli/Dropbox/CMU/18-349/18-349-f15/code/newlib/arm-none-eabi/newlib/targ-include -isystem /Users/kenli/Dropbox/CMU/18-349/18-349-f15/code/newlib/newlib/libc/include -B/Users/kenli/Dropbox/CMU/18-349/18-349-f15/code/newlib/arm-none-eabi/libgloss/arm -L/Users/kenli/Dropbox/CMU/18-349/18-349-f15/code/newlib/arm-none-eabi/libgloss/libnosys -L/Users/kenli/Dropbox/CMU/18-349/18-349-f15/code/newlib/libgloss/arm   '
CCASFLAGS='-g -O2'
CCDEPMODE='depmode=gcc3'
CC_FOR_BUILD='gcc'
CC_FOR_NEWLIB='arm-none-eabi-gcc -B/Users/kenli/Dropbox/CMU/18-349/18-349-f15/code/newlib/arm-none-eabi/newlib/ -isystem /Users/kenli/Dropbox/CMU/18-349/18-349-f15/code/newlib/arm-none-eabi/newlib/targ-include -isystem /Users/kenli/Dropbox/CMU/18-349/18-349-f15/code/newlib/newlib/libc/include -B/Users/kenli/Dropbox/CMU/18-349/18-349-f15/code/newlib/arm-none-eabi/libgloss/arm -L/Users/kenli/Dropbox/CMU/18-349/18-349-f15/code/newlib/arm-none-eabi/libgloss/libnosys -L/Users/kenli/Dropbox/CMU/18-349/18-349-f15/code/newlib/libgloss/arm   '
CFLAGS='-g -O2'
CPP=''
CPPFLAGS=''
CRT0=''
CRT0_DIR=''
CRT1=''
CRT1_DIR=''
CYGPATH_W='echo'
DEFS='-DHAVE_CONFIG_H'
DEPDIR='.deps'
DLLTOOL='arm-none-eabi-dlltool'
DSYMUTIL=''
DUMPBIN=''
ECHO_C='\c'
ECHO_N=''
ECHO_T=''
EGREP=''
ELIX_LEVEL_0_FALSE='#'
ELIX_LEVEL_0_TRUE=''
ELIX_LEVEL_1_FALSE=''
ELIX_LEVEL_1_TRUE='#'
ELIX_LEVEL_2_FALSE=''
ELIX_LEVEL_2_TRUE='#'
ELIX_LEVEL_3_FALSE=''
ELIX_LEVEL_3_TRUE='#'
ELIX_LEVEL_4_FALSE=''
ELIX_LEVEL_4_TRUE='#'
EXEEXT=''
EXTRA_DIRS=''
FGREP=''
GREP=''
HAVE_DOC_FALSE='#'
HAVE_DOC_TRUE=''
HAVE_LONG_DOUBLE_FALSE='#'
HAVE_LONG_DOUBLE_TRUE=''
INSTALL_DATA='/usr/bin/install -c -m 644'
INSTALL_PROGRAM='/usr/bin/install -c'
INSTALL_SCRIPT='/usr/bin/install -c'
INSTALL_STRIP_PROGRAM='$(install_sh) -c -s'
LD='arm-none-eabi-ld'
LDFLAGS=''
LIBM_MACHINE_OBJECTLIST=''
LIBOBJS=''
LIBS=''
LIBTOOL=''
LIPO='arm-none-eabi-lipo'
LN_S=''
LTLIBOBJS=''
MACHINE_OBJECTLIST='libc/machine/arm/objectlist.awk.in'
MAINT='#'
MAINTAINER_MODE_FALSE=''
MAINTAINER_MODE_TRUE='#'
MAKEINFO='makeinfo --split-size=5000000'
MAY_SUPPLY_SYSCALLS_FALSE=''
MAY_SUPPLY_SYSCALLS_TRUE='#'
MKDIR_P='../.././newlib/../install-sh -c -d'
NEWLIB_CFLAGS=' -D__NO_SYSCALLS__ -fno-builtin'
NEWLIB_HW_FP_FALSE=''
NEWLIB_HW_FP_TRUE='#'
NM='arm-none-eabi-nm'
NMEDIT=''
OBJDUMP='arm-none-eabi-objdump'
OBJEXT='o'
OTOOL64=''
OTOOL=''
PACKAGE='newlib'
PACKAGE_BUGREPORT=''
PACKAGE_NAME='newlib'
PACKAGE_STRING='newlib 1.18.0'
PACKAGE_TARNAME='newlib'
PACKAGE_VERSION='1.18.0'
PATH_SEPARATOR=':'
POSIX_OBJECTLIST=''
RANLIB='arm-none-eabi-ranlib'
READELF='arm-none-eabi-readelf'
SED='/usr/bin/sed'
SET_MAKE=''
SHELL='/bin/sh'
SIGNAL_OBJECTLIST='libc/signal/objectlist.awk.in'
STDIO64_OBJECTLIST=''
STRIP='arm-none-eabi-strip'
SYSCALL_OBJECTLIST='libc/syscalls/objectlist.awk.in'
SYS_MACH_OBJECTLIST=''
SYS_OBJECTLIST='libc/sys/arm/objectlist.awk.in'
UNIX_OBJECTLIST=''
USE_LIBTOOL_FALSE=''
USE_LIBTOOL_TRUE='#'
VERSION='1.18.0'
ac_ct_CC=''
ac_ct_DUMPBIN=''
aext='a'
am__EXEEXT_FALSE=''
am__EXEEXT_TRUE='#'
am__fastdepCC_FALSE='#'
am__fastdepCC_TRUE=''
am__include='include'
am__isrc=' -I$(srcdir)'
am__leading_dot='.'
am__quote=''
am__tar='${AMTAR} chof - "$$tardir"'
am__untar='${AMTAR} xf -'
bindir='${exec_prefix}/bin'
build='x86_64-apple-darwin13.4.0'
build_alias='x86_64-apple-darwin13.4.0'
build_cpu='x86_64'
build_os='darwin13.4.0'
build_vendor='apple'
datadir='${datarootdir}'
datarootdir='${prefix}/share'
docdir='${datarootdir}/doc/${PACKAGE_TARNAME}'
dvidir='${docdir}'
exec_prefix='${prefix}'
host='arm-none-eabi'
host_alias='arm-none-eabi'
host_cpu='arm'
host_os='eabi'
host_vendor='none'
htmldir='${docdir}'
includedir='${prefix}/include'
infodir='${datarootdir}/info'
install_sh='${SHELL} /Users/kenli/Dropbox/CMU/18-349/18-349-f15/code/newlib/install-sh'
libc_cv_initfinit_array='yes'
libdir='${exec_prefix}/lib'
libexecdir='${exec_prefix}/libexec'
libm_machine_dir=''
localedir='${datarootdir}/locale'
localstatedir='${prefix}/var'
lpfx='lib_a-'
lt_ECHO='/bin/echo'
machine_dir='arm'
mandir='${datarootdir}/man'
mkdir_p='$(top_builddir)/../.././newlib/../install-sh -c -d'
newlib_basedir='../.././newlib/.'
oext='o'
oldincludedir='/usr/include'
pdfdir='${docdir}'
prefix='/usr/local'
program_transform_name='s&^&arm-none-eabi-&'
psdir='${docdir}'
sbindir='${exec_prefix}/sbin'
sharedstatedir='${prefix}/com'
subdirs=' libc libm doc'
sys_dir='arm'
sysconfdir='${prefix}/etc'
target_alias='arm-none-eabi'

## ----------- ##
## confdefs.h. ##
## ----------- ##

#define PACKAGE_NAME "newlib"
#define PACKAGE_TARNAME "newlib"
#define PACKAGE_VERSION "1.18.0"
#define PACKAGE_STRING "newlib 1.18.0"
#define PACKAGE_BUGREPORT ""
#define _MB_LEN_MAX 1
#define _NEWLIB_VERSION "1.18.0"
#define _ATEXIT_DYNAMIC_ALLOC 1
#define HAVE_INITFINI_ARRAY 1
#define _HAVE_LONG_DOUBLE 1
#define _LDBL_EQ_DBL 1

configure: exit 0
